<?xml version="1.0" encoding="UTF-8"?>
<testsuite xmlns:xsi="http://www.w3.org/2001/XMLSchema-instance" xsi:noNamespaceSchemaLocation="https://maven.apache.org/surefire/maven-surefire-plugin/xsd/surefire-test-report-3.0.xsd" version="3.0" name="com.example.dbii.EventManagerAppApplicationTests" time="4.58" tests="1" errors="0" skipped="0" failures="0">
  <properties>
[...]
</properties>
  <testcase name="contextLoads" classname="com.example.dbii.EventManagerAppApplicationTests" time="0.307">
    <system-out><![CDATA[17:25:30.376 [main] INFO org.springframework.test.context.support.AnnotationConfigContextLoaderUtils -- Could not detect default configuration classes for test class [com.example.dbii.EventManagerAppApplicationTests]: EventManagerAppApplicationTests does not declare any static, non-private, non-final, nested classes annotated with @Configuration.
17:25:30.418 [main] INFO org.springframework.boot.test.context.SpringBootTestContextBootstrapper -- Found @SpringBootConfiguration com.example.dbii.EventManagerAppApplication for test class com.example.dbii.EventManagerAppApplicationTests
17:25:30.476 [main] INFO org.springframework.boot.devtools.restart.RestartApplicationListener -- Restart disabled due to context in which it is running

  .   ____          _            __ _ _
 /\\ / ___'_ __ _ _(_)_ __  __ _ \ \ \ \
( ( )\___ | '_ | '_| | '_ \/ _` | \ \ \ \
 \\/  ___)| |_)| | | | | || (_| |  ) ) ) )
  '  |____| .__|_| |_|_| |_\__, | / / / /
 =========|_|==============|___/=/_/_/_/

 :: Spring Boot ::                (v3.3.3)

2024-09-13T17:25:30.566-06:00  INFO 20670 --- [event_manager_app] [           main] c.e.d.EventManagerAppApplicationTests    : Starting EventManagerAppApplicationTests using Java 21.0.2 with PID 20670 (started by emanuelrs101 in /Users/emanuelrs101/EventManagerApp)
2024-09-13T17:25:30.567-06:00  INFO 20670 --- [event_manager_app] [           main] c.e.d.EventManagerAppApplicationTests    : No active profile set, falling back to 1 default profile: "default"
2024-09-13T17:25:30.830-06:00  INFO 20670 --- [event_manager_app] [           main] .s.d.r.c.RepositoryConfigurationDelegate : Bootstrapping Spring Data JPA repositories in DEFAULT mode.
2024-09-13T17:25:30.853-06:00  INFO 20670 --- [event_manager_app] [           main] .s.d.r.c.RepositoryConfigurationDelegate : Finished Spring Data repository scanning in 20 ms. Found 8 JPA repository interfaces.
2024-09-13T17:25:31.088-06:00  INFO 20670 --- [event_manager_app] [           main] com.zaxxer.hikari.HikariDataSource       : HikariPool-1 - Starting...
2024-09-13T17:25:33.195-06:00  INFO 20670 --- [event_manager_app] [           main] com.zaxxer.hikari.pool.HikariPool        : HikariPool-1 - Added connection oracle.jdbc.driver.T4CConnection@7c241a9f
2024-09-13T17:25:33.198-06:00  INFO 20670 --- [event_manager_app] [           main] com.zaxxer.hikari.HikariDataSource       : HikariPool-1 - Start completed.
2024-09-13T17:25:33.239-06:00  INFO 20670 --- [event_manager_app] [           main] o.hibernate.jpa.internal.util.LogHelper  : HHH000204: Processing PersistenceUnitInfo [name: default]
2024-09-13T17:25:33.277-06:00  INFO 20670 --- [event_manager_app] [           main] org.hibernate.Version                    : HHH000412: Hibernate ORM core version 6.5.2.Final
2024-09-13T17:25:33.292-06:00  INFO 20670 --- [event_manager_app] [           main] o.h.c.internal.RegionFactoryInitiator    : HHH000026: Second-level cache disabled
2024-09-13T17:25:33.406-06:00  INFO 20670 --- [event_manager_app] [           main] o.s.o.j.p.SpringPersistenceUnitInfo      : No LoadTimeWeaver setup: ignoring JPA class transformer
2024-09-13T17:25:33.962-06:00  WARN 20670 --- [event_manager_app] [           main] org.hibernate.mapping.RootClass          : HHH000038: Composite-id class does not override equals(): com.example.dbii.entity.SalonCharacteristicKey
2024-09-13T17:25:33.962-06:00  WARN 20670 --- [event_manager_app] [           main] org.hibernate.mapping.RootClass          : HHH000039: Composite-id class does not override hashCode(): com.example.dbii.entity.SalonCharacteristicKey
2024-09-13T17:25:34.238-06:00  INFO 20670 --- [event_manager_app] [           main] o.h.e.t.j.p.i.JtaPlatformInitiator       : HHH000489: No JTA platform available (set 'hibernate.transaction.jta.platform' to enable JTA platform integration)
2024-09-13T17:25:34.239-06:00  INFO 20670 --- [event_manager_app] [           main] j.LocalContainerEntityManagerFactoryBean : Initialized JPA EntityManagerFactory for persistence unit 'default'
2024-09-13T17:25:34.390-06:00  WARN 20670 --- [event_manager_app] [           main] JpaBaseConfiguration$JpaWebConfiguration : spring.jpa.open-in-view is enabled by default. Therefore, database queries may be performed during view rendering. Explicitly configure spring.jpa.open-in-view to disable this warning
2024-09-13T17:25:34.562-06:00  INFO 20670 --- [event_manager_app] [           main] c.e.d.EventManagerAppApplicationTests    : Started EventManagerAppApplicationTests in 4.091 seconds (process running for 4.456)
]]></system-out>
    <system-err><![CDATA[WARNING: A Java agent has been loaded dynamically (/Users/emanuelrs101/.m2/repository/net/bytebuddy/byte-buddy-agent/1.14.19/byte-buddy-agent-1.14.19.jar)
WARNING: If a serviceability tool is in use, please run with -XX:+EnableDynamicAgentLoading to hide this warning
WARNING: If a serviceability tool is not in use, please run with -Djdk.instrument.traceUsage for more information
WARNING: Dynamic loading of agents will be disallowed by default in a future release
]]></system-err>
  </testcase>
</testsuite>